Monitoring started on: ernie
--------------------------------------------------------
Timestamp           | %CPU    | Memory (GB)  | GPU Usage
--------------------------------------------------------
2025-12-15 15:09:57 | 6.1     | 0.01        
2025-12-15 15:10:58 | 3.6     | 0.31        
2025-12-15 15:11:59 | 3.9     | 0.40        
2025-12-15 15:12:59 | 3.8     | 0.44        
2025-12-15 15:14:00 | 3.7     | 0.50        
2025-12-15 15:15:01 | 6.1     | 1.00         | GPU Slot: 1 | Mem:   0.29 GB | GPU Utilization:   0% | Processes:  1
2025-12-15 15:16:01 | 8.8     | 1.70         | GPU Slot: 1 | Mem:   0.65 GB | GPU Utilization:   0% | Processes:  1
2025-12-15 15:17:02 | 12      | 1.84         | GPU Slot: 1 | Mem:   7.67 GB | GPU Utilization:  60% | Processes:  1
2025-12-15 15:18:03 | 18.2    | 1.85         | GPU Slot: 1 | Mem:   7.67 GB | GPU Utilization:  52% | Processes:  1
2025-12-15 15:19:03 | 23.3    | 1.85         | GPU Slot: 1 | Mem:   7.67 GB | GPU Utilization:  68% | Processes:  1
2025-12-15 15:20:04 | 27.3    | 1.85         | GPU Slot: 1 | Mem:   7.67 GB | GPU Utilization:  74% | Processes:  1
2025-12-15 15:21:05 | 32      | 1.85         | GPU Slot: 1 | Mem:   7.67 GB | GPU Utilization:  92% | Processes:  1
2025-12-15 15:22:06 | 35.5    | 1.85         | GPU Slot: 1 | Mem:   7.67 GB | GPU Utilization:  36% | Processes:  1
2025-12-15 15:23:06 | 38.5    | 1.85         | GPU Slot: 1 | Mem:   7.67 GB | GPU Utilization:  42% | Processes:  1
2025-12-15 15:24:07 | 40.9    | 1.85         | GPU Slot: 1 | Mem:   7.67 GB | GPU Utilization:  74% | Processes:  1
2025-12-15 15:25:08 | 43.4    | 1.85         | GPU Slot: 1 | Mem:   7.67 GB | GPU Utilization:  78% | Processes:  1
2025-12-15 15:26:09 | 45.6    | 1.85         | GPU Slot: 1 | Mem:   7.67 GB | GPU Utilization:  63% | Processes:  1
2025-12-15 15:27:10 | 47.2    | 1.85         | GPU Slot: 1 | Mem:   7.67 GB | GPU Utilization:  74% | Processes:  1
2025-12-15 15:28:10 | 48.8    | 1.85         | GPU Slot: 1 | Mem:   7.67 GB | GPU Utilization:  66% | Processes:  1
2025-12-15 15:29:11 | 50.2    | 1.85         | GPU Slot: 1 | Mem:   7.67 GB | GPU Utilization:  91% | Processes:  1
2025-12-15 15:30:12 | 51.3    | 1.85         | GPU Slot: 1 | Mem:   7.67 GB | GPU Utilization:  24% | Processes:  1
2025-12-15 15:31:12 | 52.3    | 1.85         | GPU Slot: 1 | Mem:   7.67 GB | GPU Utilization:  53% | Processes:  1
2025-12-15 15:32:13 | 52.8    | 1.85         | GPU Slot: 1 | Mem:   7.67 GB | GPU Utilization:  73% | Processes:  1
2025-12-15 15:33:14 | 52.9    | 1.62         | GPU Slot: 1 | Mem:   7.67 GB | GPU Utilization:  64% | Processes:  1
2025-12-15 15:34:15 | 53.2    | 1.63         | GPU Slot: 1 | Mem:   7.67 GB | GPU Utilization:  63% | Processes:  1
2025-12-15 15:35:15 | 53.7    | 1.63         | GPU Slot: 1 | Mem:   7.67 GB | GPU Utilization:  70% | Processes:  1
2025-12-15 15:36:16 | 54.1    | 1.63         | GPU Slot: 1 | Mem:   7.67 GB | GPU Utilization:  60% | Processes:  1
2025-12-15 15:37:17 | 54.5    | 1.63         | GPU Slot: 1 | Mem:   7.67 GB | GPU Utilization:  60% | Processes:  1
2025-12-15 15:38:18 | 54.7    | 1.63         | GPU Slot: 1 | Mem:   7.67 GB | GPU Utilization:  34% | Processes:  1
2025-12-15 15:39:20 | 54.7    | 1.63         | GPU Slot: 1 | Mem:   7.67 GB | GPU Utilization:   0% | Processes:  1
2025-12-15 15:40:22 | 54.5    | 1.63         | GPU Slot: 1 | Mem:   7.67 GB | GPU Utilization:   0% | Processes:  1
2025-12-15 15:41:22 | 55.5    | 1.69         | GPU Slot: 1 | Mem:   7.67 GB | GPU Utilization:  92% | Processes:  1
2025-12-15 15:42:23 | 55.9    | 1.69         | GPU Slot: 1 | Mem:   7.67 GB | GPU Utilization:  92% | Processes:  1
2025-12-15 15:43:24 | 56.9    | 1.69         | GPU Slot: 1 | Mem:   7.67 GB | GPU Utilization:  91% | Processes:  1
2025-12-15 15:44:24 | 57.9    | 1.69         | GPU Slot: 1 | Mem:   7.67 GB | GPU Utilization:  89% | Processes:  1
2025-12-15 15:45:25 | 59      | 1.69         | GPU Slot: 1 | Mem:   7.67 GB | GPU Utilization:  95% | Processes:  1
2025-12-15 15:46:26 | 60.1    | 1.69         | GPU Slot: 1 | Mem:   7.67 GB | GPU Utilization:  92% | Processes:  1
2025-12-15 15:47:26 | 61      | 1.69         | GPU Slot: 1 | Mem:   7.67 GB | GPU Utilization:  90% | Processes:  1
2025-12-15 15:48:27 | 61.9    | 1.69         | GPU Slot: 1 | Mem:   7.67 GB | GPU Utilization:  92% | Processes:  1
2025-12-15 15:49:28 | 62.7    | 1.69         | GPU Slot: 1 | Mem:   7.67 GB | GPU Utilization:  89% | Processes:  1
2025-12-15 15:50:28 | 63.5    | 1.69         | GPU Slot: 1 | Mem:   7.67 GB | GPU Utilization:  89% | Processes:  1
2025-12-15 15:51:29 | 64.1    | 1.69         | GPU Slot: 1 | Mem:   7.67 GB | GPU Utilization:  88% | Processes:  1
2025-12-15 15:52:30 | 64.6    | 1.69         | GPU Slot: 1 | Mem:   7.67 GB | GPU Utilization:  91% | Processes:  1
2025-12-15 15:53:31 | 65.3    | 1.69         | GPU Slot: 1 | Mem:   7.67 GB | GPU Utilization:  82% | Processes:  1
2025-12-15 15:54:31 | 65.7    | 1.69         | GPU Slot: 1 | Mem:   7.67 GB | GPU Utilization:  87% | Processes:  1
2025-12-15 15:55:32 | 66.4    | 1.69         | GPU Slot: 1 | Mem:   7.67 GB | GPU Utilization:  85% | Processes:  1
2025-12-15 15:56:33 | 66.9    | 1.69         | GPU Slot: 1 | Mem:   7.67 GB | GPU Utilization:  87% | Processes:  1
2025-12-15 15:57:34 | 67.4    | 1.69         | GPU Slot: 1 | Mem:   7.67 GB | GPU Utilization:  92% | Processes:  1
2025-12-15 15:59:10 | 66.5    | 1.69         | GPU Slot: 1 | Mem:   7.67 GB | GPU Utilization:   0% | Processes:  1
2025-12-15 16:00:15 | 66.1    | 1.69         | GPU Slot: 1 | Mem:   7.67 GB | GPU Utilization:   0% | Processes:  1
2025-12-15 16:01:18 | 66.5    | 1.70         | GPU Slot: 1 | Mem:   7.67 GB | GPU Utilization:  84% | Processes:  1
2025-12-15 16:02:18 | 67      | 1.71         | GPU Slot: 1 | Mem:   7.67 GB | GPU Utilization:  90% | Processes:  1
2025-12-15 16:03:19 | 67.4    | 1.71         | GPU Slot: 1 | Mem:   7.67 GB | GPU Utilization:   4% | Processes:  1
2025-12-15 16:04:20 | 67.7    | 1.71         | GPU Slot: 1 | Mem:   7.67 GB | GPU Utilization:  90% | Processes:  1
2025-12-15 16:05:21 | 68.2    | 1.71         | GPU Slot: 1 | Mem:   7.67 GB | GPU Utilization:  96% | Processes:  1
2025-12-15 16:06:21 | 68.6    | 1.71         | GPU Slot: 1 | Mem:   7.67 GB | GPU Utilization:  93% | Processes:  1
2025-12-15 16:07:22 | 69      | 1.71         | GPU Slot: 1 | Mem:   7.67 GB | GPU Utilization:  88% | Processes:  1
2025-12-15 16:08:23 | 69.4    | 1.71         | GPU Slot: 1 | Mem:   7.67 GB | GPU Utilization:  95% | Processes:  1
2025-12-15 16:09:24 | 69.7    | 1.71         | GPU Slot: 1 | Mem:   7.67 GB | GPU Utilization:  28% | Processes:  1
2025-12-15 16:10:25 | 70.1    | 1.71         | GPU Slot: 1 | Mem:   7.67 GB | GPU Utilization:  90% | Processes:  1
2025-12-15 16:11:26 | 70.3    | 1.71         | GPU Slot: 1 | Mem:   7.67 GB | GPU Utilization:   0% | Processes:  1
2025-12-15 16:12:28 | 70.6    | 1.71         | GPU Slot: 1 | Mem:   7.67 GB | GPU Utilization:  61% | Processes:  1
2025-12-15 16:13:29 | 70.5    | 1.71         | GPU Slot: 1 | Mem:   7.67 GB | GPU Utilization:  96% | Processes:  1
2025-12-15 16:14:30 | 70.3    | 1.71         | GPU Slot: 1 | Mem:   7.67 GB | GPU Utilization:  92% | Processes:  1
2025-12-15 16:15:31 | 70.6    | 1.71         | GPU Slot: 1 | Mem:   7.67 GB | GPU Utilization:  90% | Processes:  1
2025-12-15 16:16:31 | 70.9    | 1.71         | GPU Slot: 1 | Mem:   7.67 GB | GPU Utilization:  92% | Processes:  1
2025-12-15 16:17:32 | 71.2    | 1.71         | GPU Slot: 1 | Mem:   7.67 GB | GPU Utilization:  79% | Processes:  1
2025-12-15 16:18:33 | 71.6    | 1.71         | GPU Slot: 1 | Mem:   7.67 GB | GPU Utilization:  92% | Processes:  1
2025-12-15 16:19:33 | 71.8    | 1.71         | GPU Slot: 1 | Mem:   7.67 GB | GPU Utilization:  93% | Processes:  1
2025-12-15 16:20:34 | 72.1    | 1.71         | GPU Slot: 1 | Mem:   7.67 GB | GPU Utilization:  92% | Processes:  1
2025-12-15 16:21:35 | 72.4    | 1.71         | GPU Slot: 1 | Mem:   7.67 GB | GPU Utilization:  91% | Processes:  1
2025-12-15 16:22:35 | 72.6    | 1.71         | GPU Slot: 1 | Mem:   7.67 GB | GPU Utilization:  90% | Processes:  1
2025-12-15 16:23:36 | 72.7    | 1.71         | GPU Slot: 1 | Mem:   7.67 GB | GPU Utilization:  96% | Processes:  1
2025-12-15 16:24:37 | 72.9    | 1.71         | GPU Slot: 1 | Mem:   7.67 GB | GPU Utilization:  90% | Processes:  1
2025-12-15 16:25:37 | 73.2    | 1.71         | GPU Slot: 1 | Mem:   7.67 GB | GPU Utilization:  91% | Processes:  1
2025-12-15 16:26:38 | 73.4    | 1.71         | GPU Slot: 1 | Mem:   7.67 GB | GPU Utilization:  93% | Processes:  1
2025-12-15 16:27:39 | 73.5    | 1.71         | GPU Slot: 1 | Mem:   7.67 GB | GPU Utilization:  93% | Processes:  1
2025-12-15 16:28:39 | 73.8    | 1.72         | GPU Slot: 1 | Mem:   7.67 GB | GPU Utilization:  92% | Processes:  1
2025-12-15 16:29:40 | 74      | 1.72         | GPU Slot: 1 | Mem:   7.67 GB | GPU Utilization:  93% | Processes:  1
2025-12-15 16:30:41 | 74.3    | 1.72         | GPU Slot: 1 | Mem:   7.67 GB | GPU Utilization:  94% | Processes:  1
2025-12-15 16:31:42 | 74.4    | 1.72         | GPU Slot: 1 | Mem:   7.67 GB | GPU Utilization:  89% | Processes:  1
2025-12-15 16:32:42 | 74.5    | 1.71         | GPU Slot: 1 | Mem:   7.67 GB | GPU Utilization:  87% | Processes:  1
2025-12-15 16:33:43 | 74.5    | 1.72         | GPU Slot: 1 | Mem:   7.67 GB | GPU Utilization:  94% | Processes:  1
2025-12-15 16:34:44 | 74.8    | 1.72         | GPU Slot: 1 | Mem:   7.67 GB | GPU Utilization:  84% | Processes:  1
2025-12-15 16:35:44 | 75      | 1.73         | GPU Slot: 1 | Mem:   7.67 GB | GPU Utilization:  93% | Processes:  1
2025-12-15 16:36:45 | 75.2    | 1.73         | GPU Slot: 1 | Mem:   7.67 GB | GPU Utilization:  79% | Processes:  1
2025-12-15 16:37:46 | 75.4    | 1.73         | GPU Slot: 1 | Mem:   7.67 GB | GPU Utilization:  93% | Processes:  1
2025-12-15 16:38:48 | 75.4    | 1.73         | GPU Slot: 1 | Mem:   7.67 GB | GPU Utilization:  16% | Processes:  1
2025-12-15 16:39:49 | 75.7    | 1.73         | GPU Slot: 1 | Mem:   7.67 GB | GPU Utilization:  96% | Processes:  1
2025-12-15 16:40:49 | 75.9    | 1.73         | GPU Slot: 1 | Mem:   7.67 GB | GPU Utilization:  90% | Processes:  1
2025-12-15 16:41:50 | 76.1    | 1.73         | GPU Slot: 1 | Mem:   7.67 GB | GPU Utilization:  78% | Processes:  1
2025-12-15 16:42:51 | 76.2    | 1.73         | GPU Slot: 1 | Mem:   7.67 GB | GPU Utilization:  93% | Processes:  1
2025-12-15 16:43:52 | 76.5    | 1.73         | GPU Slot: 1 | Mem:   7.67 GB | GPU Utilization:  91% | Processes:  1
2025-12-15 16:44:52 | 76.7    | 1.73         | GPU Slot: 1 | Mem:   7.67 GB | GPU Utilization:  90% | Processes:  1
2025-12-15 16:45:53 | 76.9    | 1.73         | GPU Slot: 1 | Mem:   7.67 GB | GPU Utilization:  92% | Processes:  1
2025-12-15 16:46:54 | 77.1    | 1.72         | GPU Slot: 1 | Mem:   7.67 GB | GPU Utilization:  89% | Processes:  1
2025-12-15 16:47:54 | 77.3    | 1.72         | GPU Slot: 1 | Mem:   7.67 GB | GPU Utilization:  50% | Processes:  1
2025-12-15 16:48:55 | 77.4    | 1.72         | GPU Slot: 1 | Mem:   7.67 GB | GPU Utilization:  93% | Processes:  1
2025-12-15 16:49:56 | 77.6    | 1.72         | GPU Slot: 1 | Mem:   7.67 GB | GPU Utilization:  91% | Processes:  1
2025-12-15 16:50:56 | 77.7    | 1.72         | GPU Slot: 1 | Mem:   7.67 GB | GPU Utilization:  93% | Processes:  1
2025-12-15 16:51:57 | 77.7    | 1.72         | GPU Slot: 1 | Mem:   7.67 GB | GPU Utilization:  89% | Processes:  1
2025-12-15 16:52:58 | 77.8    | 1.72         | GPU Slot: 1 | Mem:   7.67 GB | GPU Utilization:  93% | Processes:  1
2025-12-15 16:53:58 | 77.8    | 1.72         | GPU Slot: 1 | Mem:   7.67 GB | GPU Utilization:  91% | Processes:  1
2025-12-15 16:54:59 | 77.9    | 1.72         | GPU Slot: 1 | Mem:   7.67 GB | GPU Utilization:  92% | Processes:  1
2025-12-15 16:56:00 | 78.1    | 1.72         | GPU Slot: 1 | Mem:   7.67 GB | GPU Utilization:  88% | Processes:  1
2025-12-15 16:57:00 | 78.3    | 1.72         | GPU Slot: 1 | Mem:   7.67 GB | GPU Utilization:  92% | Processes:  1
2025-12-15 16:58:01 | 78.4    | 1.72         | GPU Slot: 1 | Mem:   7.67 GB | GPU Utilization:  92% | Processes:  1
2025-12-15 16:59:02 | 78.6    | 1.72         | GPU Slot: 1 | Mem:   7.67 GB | GPU Utilization:  93% | Processes:  1
2025-12-15 17:00:02 | 78.7    | 1.72         | GPU Slot: 1 | Mem:   7.67 GB | GPU Utilization:  85% | Processes:  1
2025-12-15 17:01:03 | 78.8    | 1.72         | GPU Slot: 1 | Mem:   7.67 GB | GPU Utilization:  90% | Processes:  1
2025-12-15 17:02:04 | 78.9    | 1.72         | GPU Slot: 1 | Mem:   7.67 GB | GPU Utilization:  92% | Processes:  1
2025-12-15 17:03:04 | 78.9    | 1.72         | GPU Slot: 1 | Mem:   7.67 GB | GPU Utilization:  83% | Processes:  1
2025-12-15 17:04:05 | 78.9    | 1.72         | GPU Slot: 1 | Mem:   7.67 GB | GPU Utilization:  63% | Processes:  1
2025-12-15 17:05:06 | 79      | 1.72         | GPU Slot: 1 | Mem:   7.67 GB | GPU Utilization:  94% | Processes:  1
2025-12-15 17:06:06 | 79.1    | 1.72         | GPU Slot: 1 | Mem:   7.67 GB | GPU Utilization:  93% | Processes:  1
2025-12-15 17:07:07 | 79.1    | 1.72         | GPU Slot: 1 | Mem:   7.67 GB | GPU Utilization:  81% | Processes:  1
2025-12-15 17:08:08 | 79.2    | 1.72         | GPU Slot: 1 | Mem:   7.67 GB | GPU Utilization:  86% | Processes:  1
2025-12-15 17:09:09 | 79.3    | 1.72         | GPU Slot: 1 | Mem:   7.67 GB | GPU Utilization:  87% | Processes:  1
2025-12-15 17:10:10 | 79.3    | 1.72         | GPU Slot: 1 | Mem:   7.67 GB | GPU Utilization:  91% | Processes:  1
2025-12-15 17:11:10 | 79.4    | 1.72         | GPU Slot: 1 | Mem:   7.67 GB | GPU Utilization:  23% | Processes:  1
2025-12-15 17:12:11 | 79.5    | 1.72         | GPU Slot: 1 | Mem:   7.67 GB | GPU Utilization:  85% | Processes:  1
2025-12-15 17:13:12 | 79.5    | 1.72         | GPU Slot: 1 | Mem:   7.67 GB | GPU Utilization:  87% | Processes:  1
2025-12-15 17:14:12 | 79.4    | 1.72         | GPU Slot: 1 | Mem:   7.67 GB | GPU Utilization:  65% | Processes:  1
2025-12-15 17:15:13 | 79.4    | 1.72         | GPU Slot: 1 | Mem:   7.67 GB | GPU Utilization:  83% | Processes:  1
2025-12-15 17:16:14 | 79.5    | 1.72         | GPU Slot: 1 | Mem:   7.67 GB | GPU Utilization:  90% | Processes:  1
2025-12-15 17:17:14 | 79.5    | 1.72         | GPU Slot: 1 | Mem:   7.67 GB | GPU Utilization:  83% | Processes:  1
2025-12-15 17:18:15 | 79.6    | 1.72         | GPU Slot: 1 | Mem:   7.67 GB | GPU Utilization:  92% | Processes:  1
2025-12-15 17:19:16 | 79.7    | 1.72         | GPU Slot: 1 | Mem:   7.67 GB | GPU Utilization:  95% | Processes:  1
2025-12-15 17:20:16 | 79.8    | 1.72         | GPU Slot: 1 | Mem:   7.67 GB | GPU Utilization:  91% | Processes:  1
2025-12-15 17:21:18 | 79.7    | 1.72         | GPU Slot: 1 | Mem:   7.67 GB | GPU Utilization:  48% | Processes:  1
2025-12-15 17:22:19 | 79.7    | 1.72         | GPU Slot: 1 | Mem:   7.67 GB | GPU Utilization:  89% | Processes:  1
2025-12-15 17:23:20 | 79.8    | 1.72         | GPU Slot: 1 | Mem:   7.67 GB | GPU Utilization:  89% | Processes:  1
2025-12-15 17:24:21 | 79.9    | 1.72         | GPU Slot: 1 | Mem:   7.67 GB | GPU Utilization:  80% | Processes:  1
2025-12-15 17:25:21 | 80      | 1.72         | GPU Slot: 1 | Mem:   7.67 GB | GPU Utilization:  91% | Processes:  1
2025-12-15 17:26:22 | 80.1    | 1.72         | GPU Slot: 1 | Mem:   7.67 GB | GPU Utilization:  89% | Processes:  1
2025-12-15 17:27:23 | 80.2    | 1.72         | GPU Slot: 1 | Mem:   7.67 GB | GPU Utilization:  93% | Processes:  1
2025-12-15 17:28:23 | 80.2    | 1.73         | GPU Slot: 1 | Mem:   7.67 GB | GPU Utilization:  95% | Processes:  1
2025-12-15 17:29:24 | 80.2    | 1.73         | GPU Slot: 1 | Mem:   7.67 GB | GPU Utilization:  83% | Processes:  1
2025-12-15 17:30:25 | 80.3    | 1.73         | GPU Slot: 1 | Mem:   7.67 GB | GPU Utilization:  85% | Processes:  1
2025-12-15 17:31:25 | 80.4    | 1.73         | GPU Slot: 1 | Mem:   7.67 GB | GPU Utilization:  92% | Processes:  1
2025-12-15 17:32:26 | 80.5    | 1.73         | GPU Slot: 1 | Mem:   7.67 GB | GPU Utilization:  92% | Processes:  1
2025-12-15 17:33:27 | 80.6    | 1.73         | GPU Slot: 1 | Mem:   7.67 GB | GPU Utilization:  90% | Processes:  1
2025-12-15 17:34:27 | 80.6    | 1.73         | GPU Slot: 1 | Mem:   7.67 GB | GPU Utilization:  91% | Processes:  1
2025-12-15 17:35:30 | 80.7    | 1.73         | GPU Slot: 1 | Mem:   7.67 GB | GPU Utilization:  41% | Processes:  1
2025-12-15 17:36:31 | 80.8    | 1.73         | GPU Slot: 1 | Mem:   7.67 GB | GPU Utilization:  88% | Processes:  1
2025-12-15 17:37:32 | 80.8    | 1.73         | GPU Slot: 1 | Mem:   7.67 GB | GPU Utilization:  91% | Processes:  1
2025-12-15 17:38:33 | 80.8    | 1.73         | GPU Slot: 1 | Mem:   7.67 GB | GPU Utilization:  50% | Processes:  1
2025-12-15 17:39:34 | 80.7    | 1.73         | GPU Slot: 1 | Mem:   7.67 GB | GPU Utilization:  52% | Processes:  1
2025-12-15 17:40:35 | 80.6    | 1.73         | GPU Slot: 1 | Mem:   7.67 GB | GPU Utilization:  70% | Processes:  1
2025-12-15 17:41:39 | 80.5    | 1.73         | GPU Slot: 1 | Mem:   7.67 GB | GPU Utilization:   0% | Processes:  1
2025-12-15 17:42:40 | 80.5    | 1.73         | GPU Slot: 1 | Mem:   7.67 GB | GPU Utilization:  96% | Processes:  1
2025-12-15 17:43:41 | 80.6    | 1.73         | GPU Slot: 1 | Mem:   7.67 GB | GPU Utilization:  90% | Processes:  1
2025-12-15 17:44:41 | 80.7    | 1.73         | GPU Slot: 1 | Mem:   7.67 GB | GPU Utilization:  91% | Processes:  1
2025-12-15 17:45:42 | 80.8    | 1.73         | GPU Slot: 1 | Mem:   7.67 GB | GPU Utilization:  88% | Processes:  1
2025-12-15 17:46:43 | 80.8    | 1.73         | GPU Slot: 1 | Mem:   7.67 GB | GPU Utilization:  85% | Processes:  1
2025-12-15 17:47:44 | 80.9    | 1.74         | GPU Slot: 1 | Mem:   7.67 GB | GPU Utilization:  79% | Processes:  1
2025-12-15 17:48:44 | 81      | 1.74         | GPU Slot: 1 | Mem:   7.67 GB | GPU Utilization:  95% | Processes:  1
2025-12-15 17:49:45 | 81      | 1.74         | GPU Slot: 1 | Mem:   7.67 GB | GPU Utilization:  91% | Processes:  1
2025-12-15 17:50:46 | 80.9    | 1.74         | GPU Slot: 1 | Mem:   7.67 GB | GPU Utilization:  87% | Processes:  1
2025-12-15 17:51:46 | 80.9    | 1.74         | GPU Slot: 1 | Mem:   7.67 GB | GPU Utilization:  96% | Processes:  1
2025-12-15 17:52:50 | 80.9    | 1.74         | GPU Slot: 1 | Mem:   7.67 GB | GPU Utilization:  27% | Processes:  1
2025-12-15 17:53:50 | 81      | 1.74         | GPU Slot: 1 | Mem:   7.67 GB | GPU Utilization:  91% | Processes:  1
2025-12-15 17:54:51 | 81.1    | 1.74         | GPU Slot: 1 | Mem:   7.67 GB | GPU Utilization:  88% | Processes:  1
2025-12-15 17:55:52 | 81.2    | 1.74         | GPU Slot: 1 | Mem:   7.67 GB | GPU Utilization:  90% | Processes:  1
2025-12-15 17:56:53 | 81.2    | 1.74         | GPU Slot: 1 | Mem:   7.67 GB | GPU Utilization:  93% | Processes:  1
2025-12-15 17:57:53 | 81.3    | 1.73         | GPU Slot: 1 | Mem:   7.67 GB | GPU Utilization:  92% | Processes:  1
2025-12-15 17:58:54 | 81.3    | 1.73         | GPU Slot: 1 | Mem:   7.67 GB | GPU Utilization:  95% | Processes:  1
2025-12-15 17:59:55 | 81.4    | 1.73         | GPU Slot: 1 | Mem:   7.67 GB | GPU Utilization:  93% | Processes:  1
2025-12-15 18:00:57 | 81.4    | 1.73         | GPU Slot: 1 | Mem:   7.67 GB | GPU Utilization:   0% | Processes:  1
2025-12-15 18:01:58 | 81.4    | 1.73         | GPU Slot: 1 | Mem:   7.67 GB | GPU Utilization:  85% | Processes:  1
2025-12-15 18:02:59 | 81.1    | 1.73         | GPU Slot: 1 | Mem:   7.67 GB | GPU Utilization:  92% | Processes:  1
2025-12-15 18:04:00 | 81.2    | 1.73         | GPU Slot: 1 | Mem:   7.67 GB | GPU Utilization:  92% | Processes:  1
2025-12-15 18:05:01 | 81.2    | 1.73         | GPU Slot: 1 | Mem:   7.67 GB | GPU Utilization:  90% | Processes:  1
2025-12-15 18:06:02 | 81.2    | 1.73         | GPU Slot: 1 | Mem:   7.67 GB | GPU Utilization:  42% | Processes:  1
2025-12-15 18:07:03 | 81.2    | 1.73         | GPU Slot: 1 | Mem:   7.67 GB | GPU Utilization:  49% | Processes:  1
2025-12-15 18:08:04 | 81.3    | 1.73         | GPU Slot: 1 | Mem:   7.67 GB | GPU Utilization:  93% | Processes:  1
2025-12-15 18:09:04 | 81.3    | 1.73         | GPU Slot: 1 | Mem:   7.67 GB | GPU Utilization:  92% | Processes:  1
2025-12-15 18:10:05 | 81.3    | 1.73         | GPU Slot: 1 | Mem:   7.67 GB | GPU Utilization:  93% | Processes:  1
2025-12-15 18:11:06 | 81.4    | 1.73         | GPU Slot: 1 | Mem:   7.67 GB | GPU Utilization:  89% | Processes:  1
2025-12-15 18:12:06 | 81.4    | 1.73         | GPU Slot: 1 | Mem:   7.67 GB | GPU Utilization:  92% | Processes:  1
2025-12-15 18:13:07 | 81.5    | 1.73         | GPU Slot: 1 | Mem:   7.67 GB | GPU Utilization:  93% | Processes:  1
2025-12-15 18:14:08 | 81.6    | 1.73         | GPU Slot: 1 | Mem:   7.67 GB | GPU Utilization:  92% | Processes:  1
2025-12-15 18:15:09 | 81.5    | 1.73         | GPU Slot: 1 | Mem:   7.67 GB | GPU Utilization:  90% | Processes:  1
2025-12-15 18:16:10 | 81.5    | 1.73         | GPU Slot: 1 | Mem:   7.67 GB | GPU Utilization:   0% | Processes:  1
2025-12-15 18:17:11 | 81.5    | 1.73         | GPU Slot: 1 | Mem:   7.67 GB | GPU Utilization:  89% | Processes:  1
2025-12-15 18:18:12 | 81.4    | 1.73         | GPU Slot: 1 | Mem:   7.67 GB | GPU Utilization:  89% | Processes:  1
2025-12-15 18:19:12 | 81.4    | 1.74         | GPU Slot: 1 | Mem:   7.67 GB | GPU Utilization:  79% | Processes:  1
2025-12-15 18:20:13 | 81.4    | 1.74         | GPU Slot: 1 | Mem:   7.67 GB | GPU Utilization:  85% | Processes:  1
2025-12-15 18:21:14 | 81.5    | 1.74         | GPU Slot: 1 | Mem:   7.67 GB | GPU Utilization:  95% | Processes:  1
2025-12-15 18:22:14 | 81.5    | 1.74         | GPU Slot: 1 | Mem:   7.67 GB | GPU Utilization:  92% | Processes:  1
2025-12-15 18:23:15 | 81.5    | 1.74         | GPU Slot: 1 | Mem:   7.67 GB | GPU Utilization:  90% | Processes:  1
2025-12-15 18:24:16 | 81.5    | 1.74         | GPU Slot: 1 | Mem:   7.67 GB | GPU Utilization:  93% | Processes:  1
2025-12-15 18:25:16 | 81.6    | 1.74         | GPU Slot: 1 | Mem:   7.67 GB | GPU Utilization:  87% | Processes:  1
2025-12-15 18:26:17 | 81.7    | 1.74         | GPU Slot: 1 | Mem:   7.67 GB | GPU Utilization:  83% | Processes:  1
2025-12-15 18:27:18 | 81.7    | 1.73         | GPU Slot: 1 | Mem:   7.67 GB | GPU Utilization:  91% | Processes:  1
2025-12-15 18:28:19 | 81.8    | 1.73         | GPU Slot: 1 | Mem:   7.67 GB | GPU Utilization:  92% | Processes:  1
2025-12-15 18:29:19 | 81.9    | 1.73         | GPU Slot: 1 | Mem:   7.67 GB | GPU Utilization:  93% | Processes:  1
2025-12-15 18:30:20 | 81.9    | 1.73         | GPU Slot: 1 | Mem:   7.67 GB | GPU Utilization:  89% | Processes:  1
2025-12-15 18:31:21 | 81.9    | 1.73         | GPU Slot: 1 | Mem:   7.67 GB | GPU Utilization:  60% | Processes:  1
2025-12-15 18:32:22 | 82      | 1.73         | GPU Slot: 1 | Mem:   7.67 GB | GPU Utilization:  95% | Processes:  1
2025-12-15 18:33:23 | 81.9    | 1.73         | GPU Slot: 1 | Mem:   7.67 GB | GPU Utilization:  87% | Processes:  1
2025-12-15 18:34:24 | 82      | 1.73         | GPU Slot: 1 | Mem:   7.67 GB | GPU Utilization:  89% | Processes:  1
2025-12-15 18:35:25 | 82      | 1.73         | GPU Slot: 1 | Mem:   7.67 GB | GPU Utilization:  93% | Processes:  1
2025-12-15 18:36:26 | 81.8    | 1.73         | GPU Slot: 1 | Mem:   7.67 GB | GPU Utilization:  92% | Processes:  1
2025-12-15 18:37:26 | 81.9    | 1.73         | GPU Slot: 1 | Mem:   7.67 GB | GPU Utilization:  91% | Processes:  1
2025-12-15 18:38:27 | 81.9    | 1.73         | GPU Slot: 1 | Mem:   7.67 GB | GPU Utilization:  93% | Processes:  1
2025-12-15 18:39:28 | 81.9    | 1.73         | GPU Slot: 1 | Mem:   7.67 GB | GPU Utilization:  86% | Processes:  1
2025-12-15 18:40:28 | 82      | 1.74         | GPU Slot: 1 | Mem:   7.67 GB | GPU Utilization:  93% | Processes:  1
2025-12-15 18:41:29 | 81.9    | 1.73         | GPU Slot: 1 | Mem:   7.67 GB | GPU Utilization:  91% | Processes:  1
2025-12-15 18:42:30 | 82      | 1.73         | GPU Slot: 1 | Mem:   7.67 GB | GPU Utilization:  88% | Processes:  1
2025-12-15 18:43:30 | 82.1    | 1.74         | GPU Slot: 1 | Mem:   7.67 GB | GPU Utilization:  91% | Processes:  1
2025-12-15 18:44:31 | 82.1    | 1.74         | GPU Slot: 1 | Mem:   7.67 GB | GPU Utilization:  89% | Processes:  1
2025-12-15 18:45:32 | 82.2    | 1.74         | GPU Slot: 1 | Mem:   7.67 GB | GPU Utilization:  89% | Processes:  1
2025-12-15 18:46:33 | 82.3    | 1.74         | GPU Slot: 1 | Mem:   7.67 GB | GPU Utilization:  89% | Processes:  1
2025-12-15 18:47:33 | 82.3    | 1.74         | GPU Slot: 1 | Mem:   7.67 GB | GPU Utilization:  88% | Processes:  1
2025-12-15 18:48:34 | 82.3    | 1.74         | GPU Slot: 1 | Mem:   7.67 GB | GPU Utilization:  92% | Processes:  1
2025-12-15 18:49:35 | 82.4    | 1.74         | GPU Slot: 1 | Mem:   7.67 GB | GPU Utilization:  91% | Processes:  1
2025-12-15 18:50:36 | 82.4    | 1.74         | GPU Slot: 1 | Mem:   7.67 GB | GPU Utilization:  55% | Processes:  1
2025-12-15 18:51:36 | 82.4    | 1.74         | GPU Slot: 1 | Mem:   7.67 GB | GPU Utilization:  17% | Processes:  1
2025-12-15 18:52:37 | 82.4    | 1.74         | GPU Slot: 1 | Mem:   7.67 GB | GPU Utilization:  60% | Processes:  1
2025-12-15 18:53:38 | 82.5    | 1.74         | GPU Slot: 1 | Mem:   7.67 GB | GPU Utilization:  93% | Processes:  1
2025-12-15 18:54:39 | 82.6    | 1.74         | GPU Slot: 1 | Mem:   7.67 GB | GPU Utilization:  92% | Processes:  1
2025-12-15 18:55:39 | 82.6    | 1.74         | GPU Slot: 1 | Mem:   7.67 GB | GPU Utilization:  88% | Processes:  1
2025-12-15 18:56:40 | 82.7    | 1.74         | GPU Slot: 1 | Mem:   7.67 GB | GPU Utilization:  86% | Processes:  1
2025-12-15 18:57:41 | 82.7    | 1.74         | GPU Slot: 1 | Mem:   7.67 GB | GPU Utilization:  91% | Processes:  1
2025-12-15 18:58:42 | 82.8    | 1.74         | GPU Slot: 1 | Mem:   7.67 GB | GPU Utilization:  92% | Processes:  1
2025-12-15 18:59:42 | 82.9    | 1.75         | GPU Slot: 1 | Mem:   7.67 GB | GPU Utilization:  94% | Processes:  1
2025-12-15 19:00:43 | 82.9    | 1.75         | GPU Slot: 1 | Mem:   7.67 GB | GPU Utilization:  91% | Processes:  1
2025-12-15 19:01:44 | 83      | 1.75         | GPU Slot: 1 | Mem:   7.67 GB | GPU Utilization:  94% | Processes:  1
2025-12-15 19:02:44 | 83.1    | 1.75         | GPU Slot: 1 | Mem:   7.67 GB | GPU Utilization:  89% | Processes:  1
2025-12-15 19:03:45 | 83.1    | 1.75         | GPU Slot: 1 | Mem:   7.67 GB | GPU Utilization:  15% | Processes:  1
2025-12-15 19:04:46 | 83.1    | 1.75         | GPU Slot: 1 | Mem:   7.67 GB | GPU Utilization:  84% | Processes:  1
2025-12-15 19:05:47 | 83.2    | 1.75         | GPU Slot: 1 | Mem:   7.67 GB | GPU Utilization:  93% | Processes:  1
2025-12-15 19:06:47 | 83.2    | 1.75         | GPU Slot: 1 | Mem:   7.67 GB | GPU Utilization:  89% | Processes:  1
2025-12-15 19:07:48 | 83.3    | 1.75         | GPU Slot: 1 | Mem:   7.67 GB | GPU Utilization:  91% | Processes:  1
2025-12-15 19:08:49 | 83.3    | 1.74         | GPU Slot: 1 | Mem:   7.67 GB | GPU Utilization:  92% | Processes:  1
2025-12-15 19:09:49 | 83.4    | 1.74         | GPU Slot: 1 | Mem:   7.67 GB | GPU Utilization:  91% | Processes:  1
2025-12-15 19:10:50 | 83.4    | 1.74         | GPU Slot: 1 | Mem:   7.67 GB | GPU Utilization:  90% | Processes:  1
2025-12-15 19:11:51 | 83.5    | 1.74         | GPU Slot: 1 | Mem:   7.67 GB | GPU Utilization:  95% | Processes:  1
2025-12-15 19:12:52 | 83.6    | 1.74         | GPU Slot: 1 | Mem:   7.67 GB | GPU Utilization:  92% | Processes:  1
2025-12-15 19:13:52 | 83.6    | 1.74         | GPU Slot: 1 | Mem:   7.67 GB | GPU Utilization:  95% | Processes:  1
2025-12-15 19:14:53 | 83.7    | 1.74         | GPU Slot: 1 | Mem:   7.67 GB | GPU Utilization:  89% | Processes:  1
2025-12-15 19:15:54 | 83.7    | 1.74         | GPU Slot: 1 | Mem:   7.67 GB | GPU Utilization:  94% | Processes:  1
2025-12-15 19:16:55 | 83.8    | 1.74         | GPU Slot: 1 | Mem:   7.67 GB | GPU Utilization:  43% | Processes:  1
2025-12-15 19:17:56 | 83.8    | 1.74         | GPU Slot: 1 | Mem:   7.67 GB | GPU Utilization:  92% | Processes:  1
2025-12-15 19:18:57 | 83.9    | 1.74         | GPU Slot: 1 | Mem:   7.67 GB | GPU Utilization:  93% | Processes:  1
2025-12-15 19:19:58 | 83.8    | 1.74         | GPU Slot: 1 | Mem:   7.67 GB | GPU Utilization:  94% | Processes:  1
2025-12-15 19:20:58 | 83.8    | 1.74         | GPU Slot: 1 | Mem:   7.67 GB | GPU Utilization:  90% | Processes:  1
2025-12-15 19:21:59 | 83.8    | 1.74         | GPU Slot: 1 | Mem:   7.67 GB | GPU Utilization:  93% | Processes:  1
2025-12-15 19:23:00 | 83.9    | 1.74         | GPU Slot: 1 | Mem:   7.67 GB | GPU Utilization:  93% | Processes:  1
2025-12-15 19:24:01 | 83.9    | 1.74         | GPU Slot: 1 | Mem:   7.67 GB | GPU Utilization:   9% | Processes:  1
2025-12-15 19:25:02 | 83.9    | 1.74         | GPU Slot: 1 | Mem:   7.67 GB | GPU Utilization:  94% | Processes:  1
2025-12-15 19:26:02 | 84      | 1.74         | GPU Slot: 1 | Mem:   7.67 GB | GPU Utilization:  92% | Processes:  1
2025-12-15 19:27:03 | 84      | 1.74         | GPU Slot: 1 | Mem:   7.67 GB | GPU Utilization:  93% | Processes:  1
2025-12-15 19:28:04 | 84.1    | 1.74         | GPU Slot: 1 | Mem:   7.67 GB | GPU Utilization:  92% | Processes:  1
2025-12-15 19:29:07 | 83.9    | 1.74         | GPU Slot: 1 | Mem:   7.67 GB | GPU Utilization:  28% | Processes:  1
2025-12-15 19:30:08 | 84      | 1.74         | GPU Slot: 1 | Mem:   7.67 GB | GPU Utilization:  88% | Processes:  1
2025-12-15 19:31:08 | 84      | 1.74         | GPU Slot: 1 | Mem:   7.67 GB | GPU Utilization:  96% | Processes:  1
2025-12-15 19:32:09 | 84.1    | 1.74         | GPU Slot: 1 | Mem:   7.67 GB | GPU Utilization:  93% | Processes:  1
2025-12-15 19:33:10 | 84.1    | 1.74         | GPU Slot: 1 | Mem:   7.67 GB | GPU Utilization:  93% | Processes:  1
2025-12-15 19:34:11 | 84.1    | 1.74         | GPU Slot: 1 | Mem:   7.67 GB | GPU Utilization:  96% | Processes:  1
2025-12-15 19:35:11 | 84.1    | 1.74         | GPU Slot: 1 | Mem:   7.67 GB | GPU Utilization:  93% | Processes:  1
2025-12-15 19:36:12 | 84.2    | 1.74         | GPU Slot: 1 | Mem:   7.67 GB | GPU Utilization:  91% | Processes:  1
2025-12-15 19:37:13 | 84.2    | 1.74         | GPU Slot: 1 | Mem:   7.67 GB | GPU Utilization:  92% | Processes:  1
2025-12-15 19:38:14 | 84.3    | 1.75         | GPU Slot: 1 | Mem:   7.67 GB | GPU Utilization:  90% | Processes:  1
2025-12-15 19:39:14 | 84.3    | 1.75         | GPU Slot: 1 | Mem:   7.67 GB | GPU Utilization:  90% | Processes:  1
2025-12-15 19:40:15 | 84.3    | 1.75         | GPU Slot: 1 | Mem:   7.67 GB | GPU Utilization:  91% | Processes:  1
2025-12-15 19:41:16 | 84.4    | 1.75         | GPU Slot: 1 | Mem:   7.67 GB | GPU Utilization:   0% | Processes:  1
2025-12-15 19:42:17 | 84.4    | 1.75         | GPU Slot: 1 | Mem:   7.67 GB | GPU Utilization:  91% | Processes:  1
2025-12-15 19:43:18 | 84.5    | 1.75         | GPU Slot: 1 | Mem:   7.67 GB | GPU Utilization:  94% | Processes:  1
2025-12-15 19:44:19 | 84.5    | 1.75         | GPU Slot: 1 | Mem:   7.67 GB | GPU Utilization:  92% | Processes:  1
2025-12-15 19:45:19 | 84.6    | 1.75         | GPU Slot: 1 | Mem:   7.67 GB | GPU Utilization:  91% | Processes:  1
2025-12-15 19:46:20 | 84.6    | 1.75         | GPU Slot: 1 | Mem:   7.67 GB | GPU Utilization:  91% | Processes:  1
2025-12-15 19:47:21 | 84.6    | 1.75         | GPU Slot: 1 | Mem:   7.67 GB | GPU Utilization:  93% | Processes:  1
2025-12-15 19:48:21 | 84.6    | 1.75         | GPU Slot: 1 | Mem:   7.67 GB | GPU Utilization:  93% | Processes:  1
2025-12-15 19:49:22 | 84.6    | 1.75         | GPU Slot: 1 | Mem:   7.67 GB | GPU Utilization:  42% | Processes:  1
2025-12-15 19:50:23 | 84.7    | 1.75         | GPU Slot: 1 | Mem:   7.67 GB | GPU Utilization:  92% | Processes:  1
2025-12-15 19:51:24 | 84.7    | 1.75         | GPU Slot: 1 | Mem:   7.67 GB | GPU Utilization:  94% | Processes:  1
2025-12-15 19:52:24 | 84.8    | 1.75         | GPU Slot: 1 | Mem:   7.67 GB | GPU Utilization:  94% | Processes:  1
2025-12-15 19:53:25 | 84.8    | 1.75         | GPU Slot: 1 | Mem:   7.67 GB | GPU Utilization:  92% | Processes:  1
2025-12-15 19:54:26 | 84.9    | 1.75         | GPU Slot: 1 | Mem:   7.67 GB | GPU Utilization:  94% | Processes:  1
2025-12-15 19:55:26 | 84.9    | 1.75         | GPU Slot: 1 | Mem:   7.67 GB | GPU Utilization:  86% | Processes:  1
2025-12-15 19:56:27 | 85      | 1.75         | GPU Slot: 1 | Mem:   7.67 GB | GPU Utilization:  93% | Processes:  1
2025-12-15 19:57:28 | 85      | 1.75         | GPU Slot: 1 | Mem:   7.67 GB | GPU Utilization:  93% | Processes:  1
2025-12-15 19:58:28 | 85      | 1.75         | GPU Slot: 1 | Mem:   7.67 GB | GPU Utilization:  92% | Processes:  1
2025-12-15 19:59:29 | 85      | 1.75         | GPU Slot: 1 | Mem:   7.67 GB | GPU Utilization:  90% | Processes:  1
2025-12-15 20:00:30 | 85.1    | 1.75         | GPU Slot: 1 | Mem:   7.67 GB | GPU Utilization:  90% | Processes:  1
2025-12-15 20:01:30 | 85.1    | 1.75         | GPU Slot: 1 | Mem:   7.67 GB | GPU Utilization:  85% | Processes:  1
2025-12-15 20:02:31 | 85.1    | 1.75         | GPU Slot: 1 | Mem:   7.67 GB | GPU Utilization:  63% | Processes:  1
2025-12-15 20:03:32 | 85.1    | 1.75         | GPU Slot: 1 | Mem:   7.67 GB | GPU Utilization:  89% | Processes:  1
2025-12-15 20:04:33 | 85.2    | 1.75         | GPU Slot: 1 | Mem:   7.67 GB | GPU Utilization:  93% | Processes:  1
2025-12-15 20:05:33 | 85.2    | 1.75         | GPU Slot: 1 | Mem:   7.67 GB | GPU Utilization:  89% | Processes:  1
2025-12-15 20:06:34 | 85.2    | 1.76         | GPU Slot: 1 | Mem:   7.67 GB | GPU Utilization:  92% | Processes:  1
2025-12-15 20:07:35 | 85.3    | 1.76         | GPU Slot: 1 | Mem:   7.67 GB | GPU Utilization:  92% | Processes:  1
2025-12-15 20:08:35 | 85.3    | 1.76         | GPU Slot: 1 | Mem:   7.67 GB | GPU Utilization:  92% | Processes:  1
2025-12-15 20:09:36 | 85.3    | 1.76         | GPU Slot: 1 | Mem:   7.67 GB | GPU Utilization:  96% | Processes:  1
2025-12-15 20:10:37 | 85.4    | 1.76         | GPU Slot: 1 | Mem:   7.67 GB | GPU Utilization:  93% | Processes:  1
2025-12-15 20:11:37 | 85.4    | 1.76         | GPU Slot: 1 | Mem:   7.67 GB | GPU Utilization:  91% | Processes:  1
2025-12-15 20:12:38 | 85.5    | 1.76         | GPU Slot: 1 | Mem:   7.67 GB | GPU Utilization:  95% | Processes:  1
2025-12-15 20:13:38 | 85.5    | 1.76         | GPU Slot: 1 | Mem:   7.67 GB | GPU Utilization:  93% | Processes:  1
2025-12-15 20:14:39 | 85.5    | 1.76         | GPU Slot: 1 | Mem:   7.67 GB | GPU Utilization:  92% | Processes:  1
2025-12-15 20:15:40 | 85.5    | 1.75         | GPU Slot: 1 | Mem:   7.67 GB | GPU Utilization:  91% | Processes:  1
2025-12-15 20:16:41 | 85.6    | 1.75         | GPU Slot: 1 | Mem:   7.67 GB | GPU Utilization:  94% | Processes:  1
2025-12-15 20:17:41 | 85.6    | 1.75         | GPU Slot: 1 | Mem:   7.67 GB | GPU Utilization:  94% | Processes:  1
2025-12-15 20:18:42 | 85.6    | 1.75         | GPU Slot: 1 | Mem:   7.67 GB | GPU Utilization:  88% | Processes:  1
2025-12-15 20:19:43 | 85.7    | 1.75         | GPU Slot: 1 | Mem:   7.67 GB | GPU Utilization:  94% | Processes:  1
2025-12-15 20:20:44 | 85.7    | 1.75         | GPU Slot: 1 | Mem:   7.67 GB | GPU Utilization:  92% | Processes:  1
2025-12-15 20:21:44 | 85.7    | 1.75         | GPU Slot: 1 | Mem:   7.67 GB | GPU Utilization:  93% | Processes:  1
2025-12-15 20:22:45 | 85.8    | 1.75         | GPU Slot: 1 | Mem:   7.67 GB | GPU Utilization:  92% | Processes:  1
2025-12-15 20:23:46 | 85.8    | 1.75         | GPU Slot: 1 | Mem:   7.67 GB | GPU Utilization:  80% | Processes:  1
2025-12-15 20:24:46 | 85.8    | 1.75         | GPU Slot: 1 | Mem:   7.67 GB | GPU Utilization:  91% | Processes:  1
2025-12-15 20:25:47 | 85.8    | 1.75         | GPU Slot: 1 | Mem:   7.67 GB | GPU Utilization:  92% | Processes:  1
2025-12-15 20:26:48 | 85.9    | 1.75         | GPU Slot: 1 | Mem:   7.67 GB | GPU Utilization:  92% | Processes:  1
2025-12-15 20:27:48 | 85.9    | 1.75         | GPU Slot: 1 | Mem:   7.67 GB | GPU Utilization:  94% | Processes:  1
2025-12-15 20:28:49 | 85.9    | 1.75         | GPU Slot: 1 | Mem:   7.67 GB | GPU Utilization:  91% | Processes:  1
2025-12-15 20:29:50 | 86      | 1.75         | GPU Slot: 1 | Mem:   7.67 GB | GPU Utilization:  96% | Processes:  1
2025-12-15 20:30:50 | 86      | 1.75         | GPU Slot: 1 | Mem:   7.67 GB | GPU Utilization:  89% | Processes:  1
2025-12-15 20:31:51 | 86      | 1.75         | GPU Slot: 1 | Mem:   7.67 GB | GPU Utilization:  95% | Processes:  1
2025-12-15 20:32:52 | 86.1    | 1.75         | GPU Slot: 1 | Mem:   7.67 GB | GPU Utilization:  94% | Processes:  1
2025-12-15 20:33:53 | 86.1    | 1.75         | GPU Slot: 1 | Mem:   7.67 GB | GPU Utilization:  95% | Processes:  1
2025-12-15 20:34:53 | 86.1    | 1.75         | GPU Slot: 1 | Mem:   7.67 GB | GPU Utilization:  96% | Processes:  1
2025-12-15 20:35:54 | 86.2    | 1.75         | GPU Slot: 1 | Mem:   7.67 GB | GPU Utilization:  92% | Processes:  1
2025-12-15 20:36:55 | 86.2    | 1.75         | GPU Slot: 1 | Mem:   7.67 GB | GPU Utilization:  87% | Processes:  1
2025-12-15 20:37:55 | 86.2    | 1.75         | GPU Slot: 1 | Mem:   7.67 GB | GPU Utilization:  96% | Processes:  1
2025-12-15 20:38:56 | 86.3    | 1.75         | GPU Slot: 1 | Mem:   7.67 GB | GPU Utilization:  88% | Processes:  1
2025-12-15 20:39:57 | 86.3    | 1.75         | GPU Slot: 1 | Mem:   7.67 GB | GPU Utilization:  96% | Processes:  1
2025-12-15 20:40:57 | 86.3    | 1.75         | GPU Slot: 1 | Mem:   7.67 GB | GPU Utilization:  96% | Processes:  1
2025-12-15 20:41:58 | 86.3    | 1.76         | GPU Slot: 1 | Mem:   7.67 GB | GPU Utilization:  61% | Processes:  1
2025-12-15 20:42:59 | 86.3    | 1.76         | GPU Slot: 1 | Mem:   7.67 GB | GPU Utilization:  86% | Processes:  1
2025-12-15 20:44:00 | 86.4    | 1.76         | GPU Slot: 1 | Mem:   7.67 GB | GPU Utilization:  93% | Processes:  1
2025-12-15 20:45:00 | 86.4    | 1.76         | GPU Slot: 1 | Mem:   7.67 GB | GPU Utilization:  93% | Processes:  1
2025-12-15 20:46:01 | 86.4    | 1.76         | GPU Slot: 1 | Mem:   7.67 GB | GPU Utilization:  90% | Processes:  1
2025-12-15 20:47:02 | 86.4    | 1.76         | GPU Slot: 1 | Mem:   7.67 GB | GPU Utilization:  90% | Processes:  1
2025-12-15 20:48:02 | 86.5    | 1.76         | GPU Slot: 1 | Mem:   7.67 GB | GPU Utilization:  93% | Processes:  1
2025-12-15 20:49:03 | 86.5    | 1.76         | GPU Slot: 1 | Mem:   7.67 GB | GPU Utilization:  93% | Processes:  1
2025-12-15 20:50:04 | 86.5    | 1.76         | GPU Slot: 1 | Mem:   7.67 GB | GPU Utilization:  87% | Processes:  1
2025-12-15 20:51:04 | 86.6    | 1.76         | GPU Slot: 1 | Mem:   7.67 GB | GPU Utilization:  93% | Processes:  1
2025-12-15 20:52:05 | 86.6    | 1.76         | GPU Slot: 1 | Mem:   7.67 GB | GPU Utilization:  90% | Processes:  1
2025-12-15 20:53:06 | 86.6    | 1.76         | GPU Slot: 1 | Mem:   7.67 GB | GPU Utilization:  75% | Processes:  1
2025-12-15 20:54:07 | 86.6    | 1.76         | GPU Slot: 1 | Mem:   7.67 GB | GPU Utilization:  90% | Processes:  1
2025-12-15 20:55:07 | 86.7    | 1.76         | GPU Slot: 1 | Mem:   7.67 GB | GPU Utilization:  92% | Processes:  1
2025-12-15 20:56:08 | 86.7    | 1.76         | GPU Slot: 1 | Mem:   7.67 GB | GPU Utilization:  93% | Processes:  1
2025-12-15 20:57:09 | 86.7    | 1.76         | GPU Slot: 1 | Mem:   7.67 GB | GPU Utilization:  90% | Processes:  1
2025-12-15 20:58:09 | 86.8    | 1.76         | GPU Slot: 1 | Mem:   7.67 GB | GPU Utilization:  94% | Processes:  1
2025-12-15 20:59:10 | 86.8    | 1.76         | GPU Slot: 1 | Mem:   7.67 GB | GPU Utilization:  96% | Processes:  1
2025-12-15 21:00:11 | 86.8    | 1.76         | GPU Slot: 1 | Mem:   7.67 GB | GPU Utilization:  90% | Processes:  1
2025-12-15 21:01:11 | 86.8    | 1.76         | GPU Slot: 1 | Mem:   7.67 GB | GPU Utilization:  88% | Processes:  1
2025-12-15 21:02:12 | 86.8    | 1.76         | GPU Slot: 1 | Mem:   7.67 GB | GPU Utilization:  90% | Processes:  1
2025-12-15 21:03:13 | 86.8    | 1.76         | GPU Slot: 1 | Mem:   7.67 GB | GPU Utilization:  96% | Processes:  1
2025-12-15 21:04:14 | 86.9    | 1.76         | GPU Slot: 1 | Mem:   7.67 GB | GPU Utilization:  89% | Processes:  1
2025-12-15 21:05:14 | 86.9    | 1.76         | GPU Slot: 1 | Mem:   7.67 GB | GPU Utilization:  92% | Processes:  1
2025-12-15 21:06:15 | 86.9    | 1.76         | GPU Slot: 1 | Mem:   7.67 GB | GPU Utilization:  92% | Processes:  1
2025-12-15 21:07:16 | 87      | 1.76         | GPU Slot: 1 | Mem:   7.67 GB | GPU Utilization:  96% | Processes:  1
2025-12-15 21:08:16 | 87      | 1.76         | GPU Slot: 1 | Mem:   7.67 GB | GPU Utilization:  83% | Processes:  1
2025-12-15 21:09:17 | 87      | 1.76         | GPU Slot: 1 | Mem:   7.67 GB | GPU Utilization:  92% | Processes:  1
2025-12-15 21:10:18 | 87      | 1.76         | GPU Slot: 1 | Mem:   7.67 GB | GPU Utilization:  91% | Processes:  1
2025-12-15 21:11:18 | 90      | 0.29        
